app/build/intermediates/manifest_merge_blame_file/release/manifest-merger-blame-release-report.txt
1<?xml version="1.0" encoding="utf-8"?>
2<manifest xmlns:android="http://schemas.android.com/apk/res/android"
3    package="com.kraatz.player"
4    android:versionCode="1"
5    android:versionName="1.0" >
6
7    <uses-sdk
8        android:minSdkVersion="24"
8-->src/main/AndroidManifest.xml
9        android:targetSdkVersion="34" />
9-->src/main/AndroidManifest.xml
10
11    <uses-permission android:name="android.permission.READ_EXTERNAL_STORAGE" />
11-->src/main/AndroidManifest.xml:5:5-80
11-->src/main/AndroidManifest.xml:5:22-77
12    <uses-permission android:name="android.permission.READ_MEDIA_AUDIO" />
12-->src/main/AndroidManifest.xml:6:5-75
12-->src/main/AndroidManifest.xml:6:22-72
13    <uses-permission android:name="android.permission.WAKE_LOCK" />
13-->src/main/AndroidManifest.xml:7:5-68
13-->src/main/AndroidManifest.xml:7:22-65
14    <uses-permission android:name="android.permission.FOREGROUND_SERVICE" />
14-->src/main/AndroidManifest.xml:8:5-77
14-->src/main/AndroidManifest.xml:8:22-74
15    <uses-permission android:name="android.permission.FOREGROUND_SERVICE_MEDIA_PLAYBACK" />
15-->src/main/AndroidManifest.xml:9:5-92
15-->src/main/AndroidManifest.xml:9:22-89
16    <uses-permission android:name="android.permission.ACCESS_NETWORK_STATE" />
16-->[androidx.media3:media3-exoplayer:1.1.1] AndroidManifest.xml:24:5-79
16-->[androidx.media3:media3-exoplayer:1.1.1] AndroidManifest.xml:24:22-76
17
18    <permission
18-->[androidx.core:core:1.10.1] AndroidManifest.xml:22:5-24:47
19        android:name="com.kraatz.player.DYNAMIC_RECEIVER_NOT_EXPORTED_PERMISSION"
19-->[androidx.core:core:1.10.1] AndroidManifest.xml:23:9-81
20        android:protectionLevel="signature" />
20-->[androidx.core:core:1.10.1] AndroidManifest.xml:24:9-44
21
22    <uses-permission android:name="com.kraatz.player.DYNAMIC_RECEIVER_NOT_EXPORTED_PERMISSION" />
22-->[androidx.core:core:1.10.1] AndroidManifest.xml:26:5-97
22-->[androidx.core:core:1.10.1] AndroidManifest.xml:26:22-94
23
24    <application
24-->src/main/AndroidManifest.xml:11:5-42:19
25        android:name="com.kraatz.player.KraatzPlayerApplication"
25-->src/main/AndroidManifest.xml:12:9-48
26        android:allowBackup="true"
26-->src/main/AndroidManifest.xml:13:9-35
27        android:appComponentFactory="androidx.core.app.CoreComponentFactory"
27-->[androidx.core:core:1.10.1] AndroidManifest.xml:28:18-86
28        android:dataExtractionRules="@xml/data_extraction_rules"
28-->src/main/AndroidManifest.xml:14:9-65
29        android:extractNativeLibs="false"
30        android:fullBackupContent="@xml/backup_rules"
30-->src/main/AndroidManifest.xml:15:9-54
31        android:icon="@mipmap/ic_launcher"
31-->src/main/AndroidManifest.xml:16:9-43
32        android:label="@string/app_name"
32-->src/main/AndroidManifest.xml:17:9-41
33        android:roundIcon="@mipmap/ic_launcher_round"
33-->src/main/AndroidManifest.xml:18:9-54
34        android:supportsRtl="true"
34-->src/main/AndroidManifest.xml:19:9-35
35        android:theme="@style/Theme.KraatzPlayer" >
35-->src/main/AndroidManifest.xml:20:9-50
36        <activity
36-->src/main/AndroidManifest.xml:23:9-32:20
37            android:name="com.kraatz.player.MainActivity"
37-->src/main/AndroidManifest.xml:24:13-41
38            android:exported="true"
38-->src/main/AndroidManifest.xml:25:13-36
39            android:label="@string/app_name"
39-->src/main/AndroidManifest.xml:26:13-45
40            android:theme="@style/Theme.KraatzPlayer" >
40-->src/main/AndroidManifest.xml:27:13-54
41            <intent-filter>
41-->src/main/AndroidManifest.xml:28:13-31:29
42                <action android:name="android.intent.action.MAIN" />
42-->src/main/AndroidManifest.xml:29:17-69
42-->src/main/AndroidManifest.xml:29:25-66
43
44                <category android:name="android.intent.category.LAUNCHER" />
44-->src/main/AndroidManifest.xml:30:17-77
44-->src/main/AndroidManifest.xml:30:27-74
45            </intent-filter>
46        </activity>
47
48        <service
48-->src/main/AndroidManifest.xml:34:9-41:19
49            android:name="com.kraatz.player.service.SimpleMusicService"
49-->src/main/AndroidManifest.xml:35:13-55
50            android:exported="false"
50-->src/main/AndroidManifest.xml:36:13-37
51            android:foregroundServiceType="mediaPlayback" >
51-->src/main/AndroidManifest.xml:37:13-58
52            <intent-filter>
52-->src/main/AndroidManifest.xml:38:13-40:29
53                <action android:name="androidx.media3.session.MediaSessionService" />
53-->src/main/AndroidManifest.xml:39:17-86
53-->src/main/AndroidManifest.xml:39:25-83
54            </intent-filter>
55        </service>
56
57        <provider
57-->[androidx.emoji2:emoji2:1.3.0] AndroidManifest.xml:24:9-32:20
58            android:name="androidx.startup.InitializationProvider"
58-->[androidx.emoji2:emoji2:1.3.0] AndroidManifest.xml:25:13-67
59            android:authorities="com.kraatz.player.androidx-startup"
59-->[androidx.emoji2:emoji2:1.3.0] AndroidManifest.xml:26:13-68
60            android:exported="false" >
60-->[androidx.emoji2:emoji2:1.3.0] AndroidManifest.xml:27:13-37
61            <meta-data
61-->[androidx.emoji2:emoji2:1.3.0] AndroidManifest.xml:29:13-31:52
62                android:name="androidx.emoji2.text.EmojiCompatInitializer"
62-->[androidx.emoji2:emoji2:1.3.0] AndroidManifest.xml:30:17-75
63                android:value="androidx.startup" />
63-->[androidx.emoji2:emoji2:1.3.0] AndroidManifest.xml:31:17-49
64            <meta-data
64-->[androidx.lifecycle:lifecycle-process:2.6.1] AndroidManifest.xml:29:13-31:52
65                android:name="androidx.lifecycle.ProcessLifecycleInitializer"
65-->[androidx.lifecycle:lifecycle-process:2.6.1] AndroidManifest.xml:30:17-78
66                android:value="androidx.startup" />
66-->[androidx.lifecycle:lifecycle-process:2.6.1] AndroidManifest.xml:31:17-49
67            <meta-data
67-->[androidx.profileinstaller:profileinstaller:1.3.1] AndroidManifest.xml:29:13-31:52
68                android:name="androidx.profileinstaller.ProfileInstallerInitializer"
68-->[androidx.profileinstaller:profileinstaller:1.3.1] AndroidManifest.xml:30:17-85
69                android:value="androidx.startup" />
69-->[androidx.profileinstaller:profileinstaller:1.3.1] AndroidManifest.xml:31:17-49
70        </provider>
71
72        <receiver
72-->[androidx.profileinstaller:profileinstaller:1.3.1] AndroidManifest.xml:34:9-52:20
73            android:name="androidx.profileinstaller.ProfileInstallReceiver"
73-->[androidx.profileinstaller:profileinstaller:1.3.1] AndroidManifest.xml:35:13-76
74            android:directBootAware="false"
74-->[androidx.profileinstaller:profileinstaller:1.3.1] AndroidManifest.xml:36:13-44
75            android:enabled="true"
75-->[androidx.profileinstaller:profileinstaller:1.3.1] AndroidManifest.xml:37:13-35
76            android:exported="true"
76-->[androidx.profileinstaller:profileinstaller:1.3.1] AndroidManifest.xml:38:13-36
77            android:permission="android.permission.DUMP" >
77-->[androidx.profileinstaller:profileinstaller:1.3.1] AndroidManifest.xml:39:13-57
78            <intent-filter>
78-->[androidx.profileinstaller:profileinstaller:1.3.1] AndroidManifest.xml:40:13-42:29
79                <action android:name="androidx.profileinstaller.action.INSTALL_PROFILE" />
79-->[androidx.profileinstaller:profileinstaller:1.3.1] AndroidManifest.xml:41:17-91
79-->[androidx.profileinstaller:profileinstaller:1.3.1] AndroidManifest.xml:41:25-88
80            </intent-filter>
81            <intent-filter>
81-->[androidx.profileinstaller:profileinstaller:1.3.1] AndroidManifest.xml:43:13-45:29
82                <action android:name="androidx.profileinstaller.action.SKIP_FILE" />
82-->[androidx.profileinstaller:profileinstaller:1.3.1] AndroidManifest.xml:44:17-85
82-->[androidx.profileinstaller:profileinstaller:1.3.1] AndroidManifest.xml:44:25-82
83            </intent-filter>
84            <intent-filter>
84-->[androidx.profileinstaller:profileinstaller:1.3.1] AndroidManifest.xml:46:13-48:29
85                <action android:name="androidx.profileinstaller.action.SAVE_PROFILE" />
85-->[androidx.profileinstaller:profileinstaller:1.3.1] AndroidManifest.xml:47:17-88
85-->[androidx.profileinstaller:profileinstaller:1.3.1] AndroidManifest.xml:47:25-85
86            </intent-filter>
87            <intent-filter>
87-->[androidx.profileinstaller:profileinstaller:1.3.1] AndroidManifest.xml:49:13-51:29
88                <action android:name="androidx.profileinstaller.action.BENCHMARK_OPERATION" />
88-->[androidx.profileinstaller:profileinstaller:1.3.1] AndroidManifest.xml:50:17-95
88-->[androidx.profileinstaller:profileinstaller:1.3.1] AndroidManifest.xml:50:25-92
89            </intent-filter>
90        </receiver>
91    </application>
92
93</manifest>